wifi/build/outputs/logs/manifest-merger-debug-report.txt
-- Merging decision tree log ---
manifest
ADDED from src\main\AndroidManifest.xml:2:1-20:12
	package
		ADDED from src\main\AndroidManifest.xml:3:2-23
		INJECTED from src\main\AndroidManifest.xml
		INJECTED from src\main\AndroidManifest.xml
	android:versionName
		ADDED from src\main\AndroidManifest.xml:3:48-73
		INJECTED from src\main\AndroidManifest.xml
		INJECTED from src\main\AndroidManifest.xml
	android:versionCode
		ADDED from src\main\AndroidManifest.xml:3:24-47
		INJECTED from src\main\AndroidManifest.xml
		INJECTED from src\main\AndroidManifest.xml
	xmlns:android
		ADDED from src\main\AndroidManifest.xml:2:11-69
uses-sdk
ADDED from src\main\AndroidManifest.xml:4:2-40
	android:targetSdkVersion
		INJECTED from src\main\AndroidManifest.xml
		INJECTED from src\main\AndroidManifest.xml
	android:minSdkVersion
		ADDED from src\main\AndroidManifest.xml:4:12-37
		INJECTED from src\main\AndroidManifest.xml
		INJECTED from src\main\AndroidManifest.xml
application
ADDED from src\main\AndroidManifest.xml:6:2-14:16
	android:label
		ADDED from src\main\AndroidManifest.xml:6:45-77
	android:icon
		ADDED from src\main\AndroidManifest.xml:6:15-44
activity#org.sunchao.Main
ADDED from src\main\AndroidManifest.xml:7:3-12:14
	android:label
		ADDED from src\main\AndroidManifest.xml:7:34-66
	android:name
		ADDED from src\main\AndroidManifest.xml:7:13-33
intent-filter#android.intent.action.MAIN+android.intent.category.LAUNCHER
ADDED from src\main\AndroidManifest.xml:8:4-11:20
action#android.intent.action.MAIN
ADDED from src\main\AndroidManifest.xml:9:5-57
	android:name
		ADDED from src\main\AndroidManifest.xml:9:13-54
category#android.intent.category.LAUNCHER
ADDED from src\main\AndroidManifest.xml:10:5-65
	android:name
		ADDED from src\main\AndroidManifest.xml:10:15-62
uses-permission#android.permission.CHANGE_NETWORK_STATE
ADDED from src\main\AndroidManifest.xml:16:2-92
	android:name
		ADDED from src\main\AndroidManifest.xml:16:19-73
uses-permission#android.permission.CHANGE_WIFI_STATE
ADDED from src\main\AndroidManifest.xml:17:2-89
	android:name
		ADDED from src\main\AndroidManifest.xml:17:19-70
uses-permission#android.permission.ACCESS_NETWORK_STATE
ADDED from src\main\AndroidManifest.xml:18:2-92
	android:name
		ADDED from src\main\AndroidManifest.xml:18:19-73
uses-permission#android.permission.ACCESS_WIFI_STATE
ADDED from src\main\AndroidManifest.xml:19:2-89
	android:name
		ADDED from src\main\AndroidManifest.xml:19:19-70